  GameSession.cpp
C:\Users\hj577\UnityActionPVPServer\2D PVP Action Game Server\GameSession.h(32,8): error C2143: 구문 오류: ';'이(가) '<' 앞에 없습니다.
  (소스 파일 'GameSession.cpp'을(를) 컴파일하는 중)
  
C:\Users\hj577\UnityActionPVPServer\2D PVP Action Game Server\GameSession.h(32,2): error C4430: 형식 지정자가 없습니다. int로 가정합니다. 참고: C++에서는 기본 int를 지원하지 않습니다.
  (소스 파일 'GameSession.cpp'을(를) 컴파일하는 중)
  
C:\Users\hj577\UnityActionPVPServer\2D PVP Action Game Server\GameSession.h(32,35): error C2334: '{' 앞에 예기치 않은 토큰이 있습니다. 명백한 함수 본문을 건너뜁니다.
  (소스 파일 'GameSession.cpp'을(를) 컴파일하는 중)
  
  GameSessionManager.cpp
C:\Users\hj577\UnityActionPVPServer\2D PVP Action Game Server\GameSession.h(32,8): error C2143: 구문 오류: ';'이(가) '<' 앞에 없습니다.
  (소스 파일 'GameSessionManager.cpp'을(를) 컴파일하는 중)
  
C:\Users\hj577\UnityActionPVPServer\2D PVP Action Game Server\GameSession.h(32,2): error C4430: 형식 지정자가 없습니다. int로 가정합니다. 참고: C++에서는 기본 int를 지원하지 않습니다.
  (소스 파일 'GameSessionManager.cpp'을(를) 컴파일하는 중)
  
C:\Users\hj577\UnityActionPVPServer\2D PVP Action Game Server\GameSession.h(32,35): error C2334: '{' 앞에 예기치 않은 토큰이 있습니다. 명백한 함수 본문을 건너뜁니다.
  (소스 파일 'GameSessionManager.cpp'을(를) 컴파일하는 중)
  
C:\Users\hj577\UnityActionPVPServer\2D PVP Action Game Server\GameSessionManager.cpp(30,44): error C2039: 'GetClient': 'GameSession'의 멤버가 아닙니다.
      C:\Users\hj577\UnityActionPVPServer\2D PVP Action Game Server\GameSession.h(15,7):
      'GameSession' 선언을 참조하십시오.
  
C:\Users\hj577\UnityActionPVPServer\2D PVP Action Game Server\GameSessionManager.cpp(30,26): error C2143: 구문 오류: ';'이(가) ':' 앞에 없습니다.
C:\Users\hj577\UnityActionPVPServer\2D PVP Action Game Server\GameSessionManager.cpp(30,55): error C2143: 구문 오류: ';'이(가) ')' 앞에 없습니다.
  Main.cpp
  MatchManager.cpp
C:\Users\hj577\UnityActionPVPServer\2D PVP Action Game Server\GameSession.h(32,8): error C2143: 구문 오류: ';'이(가) '<' 앞에 없습니다.
  (소스 파일 'MatchManager.cpp'을(를) 컴파일하는 중)
  
C:\Users\hj577\UnityActionPVPServer\2D PVP Action Game Server\GameSession.h(32,2): error C4430: 형식 지정자가 없습니다. int로 가정합니다. 참고: C++에서는 기본 int를 지원하지 않습니다.
  (소스 파일 'MatchManager.cpp'을(를) 컴파일하는 중)
  
C:\Users\hj577\UnityActionPVPServer\2D PVP Action Game Server\GameSession.h(32,35): error C2334: '{' 앞에 예기치 않은 토큰이 있습니다. 명백한 함수 본문을 건너뜁니다.
  (소스 파일 'MatchManager.cpp'을(를) 컴파일하는 중)
  
  Server.cpp
C:\Users\hj577\UnityActionPVPServer\2D PVP Action Game Server\Server.cpp(196,21): warning C4267: '초기화 중': 'size_t'에서 'int'(으)로 변환하면서 데이터가 손실될 수 있습니다.
C:\Users\hj577\UnityActionPVPServer\2D PVP Action Game Server\Server.cpp(249,82): warning C4267: '인수': 'size_t'에서 'int'(으)로 변환하면서 데이터가 손실될 수 있습니다.
  SessionThreadPool.cpp
  코드를 생성하고 있습니다...
